Determining if the pthread_create exist failed with the following output:
Change Dir: /home/berat/robot_dd/build/CMakeFiles/CMakeTmp

Run Build Command:"/usr/bin/make" "cmTC_e2624/fast"
/usr/bin/make -f CMakeFiles/cmTC_e2624.dir/build.make CMakeFiles/cmTC_e2624.dir/build
make[1]: Entering directory '/home/berat/robot_dd/build/CMakeFiles/CMakeTmp'
Building C object CMakeFiles/cmTC_e2624.dir/CheckSymbolExists.c.o
/usr/bin/cc    -o CMakeFiles/cmTC_e2624.dir/CheckSymbolExists.c.o   -c /home/berat/robot_dd/build/CMakeFiles/CMakeTmp/CheckSymbolExists.c
Linking C executable cmTC_e2624
/usr/bin/cmake -E cmake_link_script CMakeFiles/cmTC_e2624.dir/link.txt --verbose=1
/usr/bin/cc      -rdynamic CMakeFiles/cmTC_e2624.dir/CheckSymbolExists.c.o  -o cmTC_e2624 
CMakeFiles/cmTC_e2624.dir/CheckSymbolExists.c.o: In function `main':
CheckSymbolExists.c:(.text+0x1b): undefined reference to `pthread_create'
collect2: error: ld returned 1 exit status
CMakeFiles/cmTC_e2624.dir/build.make:97: recipe for target 'cmTC_e2624' failed
make[1]: *** [cmTC_e2624] Error 1
make[1]: Leaving directory '/home/berat/robot_dd/build/CMakeFiles/CMakeTmp'
Makefile:126: recipe for target 'cmTC_e2624/fast' failed
make: *** [cmTC_e2624/fast] Error 2

File /home/berat/robot_dd/build/CMakeFiles/CMakeTmp/CheckSymbolExists.c:
/* */
#include <pthread.h>

int main(int argc, char** argv)
{
  (void)argv;
#ifndef pthread_create
  return ((int*)(&pthread_create))[argc];
#else
  (void)argc;
  return 0;
#endif
}

Determining if the function pthread_create exists in the pthreads failed with the following output:
Change Dir: /home/berat/robot_dd/build/CMakeFiles/CMakeTmp

Run Build Command:"/usr/bin/make" "cmTC_7e206/fast"
/usr/bin/make -f CMakeFiles/cmTC_7e206.dir/build.make CMakeFiles/cmTC_7e206.dir/build
make[1]: Entering directory '/home/berat/robot_dd/build/CMakeFiles/CMakeTmp'
Building C object CMakeFiles/cmTC_7e206.dir/CheckFunctionExists.c.o
/usr/bin/cc   -DCHECK_FUNCTION_EXISTS=pthread_create   -o CMakeFiles/cmTC_7e206.dir/CheckFunctionExists.c.o   -c /usr/share/cmake-3.10/Modules/CheckFunctionExists.c
Linking C executable cmTC_7e206
/usr/bin/cmake -E cmake_link_script CMakeFiles/cmTC_7e206.dir/link.txt --verbose=1
/usr/bin/cc  -DCHECK_FUNCTION_EXISTS=pthread_create    -rdynamic CMakeFiles/cmTC_7e206.dir/CheckFunctionExists.c.o  -o cmTC_7e206 -lpthreads 
/usr/bin/ld: cannot find -lpthreads
collect2: error: ld returned 1 exit status
CMakeFiles/cmTC_7e206.dir/build.make:97: recipe for target 'cmTC_7e206' failed
make[1]: *** [cmTC_7e206] Error 1
make[1]: Leaving directory '/home/berat/robot_dd/build/CMakeFiles/CMakeTmp'
Makefile:126: recipe for target 'cmTC_7e206/fast' failed
make: *** [cmTC_7e206/fast] Error 2


