Determining if the pthread_create exist failed with the following output:
Change Dir: /home/berat/robot_two_wheeled/build/CMakeFiles/CMakeTmp

Run Build Command:"/usr/bin/make" "cmTC_33730/fast"
/usr/bin/make -f CMakeFiles/cmTC_33730.dir/build.make CMakeFiles/cmTC_33730.dir/build
make[1]: Entering directory '/home/berat/robot_two_wheeled/build/CMakeFiles/CMakeTmp'
Building C object CMakeFiles/cmTC_33730.dir/CheckSymbolExists.c.o
/usr/bin/cc    -o CMakeFiles/cmTC_33730.dir/CheckSymbolExists.c.o   -c /home/berat/robot_two_wheeled/build/CMakeFiles/CMakeTmp/CheckSymbolExists.c
Linking C executable cmTC_33730
/usr/bin/cmake -E cmake_link_script CMakeFiles/cmTC_33730.dir/link.txt --verbose=1
/usr/bin/cc      -rdynamic CMakeFiles/cmTC_33730.dir/CheckSymbolExists.c.o  -o cmTC_33730 
CMakeFiles/cmTC_33730.dir/CheckSymbolExists.c.o: In function `main':
CheckSymbolExists.c:(.text+0x1b): undefined reference to `pthread_create'
collect2: error: ld returned 1 exit status
CMakeFiles/cmTC_33730.dir/build.make:97: recipe for target 'cmTC_33730' failed
make[1]: *** [cmTC_33730] Error 1
make[1]: Leaving directory '/home/berat/robot_two_wheeled/build/CMakeFiles/CMakeTmp'
Makefile:126: recipe for target 'cmTC_33730/fast' failed
make: *** [cmTC_33730/fast] Error 2

File /home/berat/robot_two_wheeled/build/CMakeFiles/CMakeTmp/CheckSymbolExists.c:
/* */
#include <pthread.h>

int main(int argc, char** argv)
{
  (void)argv;
#ifndef pthread_create
  return ((int*)(&pthread_create))[argc];
#else
  (void)argc;
  return 0;
#endif
}

Determining if the function pthread_create exists in the pthreads failed with the following output:
Change Dir: /home/berat/robot_two_wheeled/build/CMakeFiles/CMakeTmp

Run Build Command:"/usr/bin/make" "cmTC_6470d/fast"
/usr/bin/make -f CMakeFiles/cmTC_6470d.dir/build.make CMakeFiles/cmTC_6470d.dir/build
make[1]: Entering directory '/home/berat/robot_two_wheeled/build/CMakeFiles/CMakeTmp'
Building C object CMakeFiles/cmTC_6470d.dir/CheckFunctionExists.c.o
/usr/bin/cc   -DCHECK_FUNCTION_EXISTS=pthread_create   -o CMakeFiles/cmTC_6470d.dir/CheckFunctionExists.c.o   -c /usr/share/cmake-3.10/Modules/CheckFunctionExists.c
Linking C executable cmTC_6470d
/usr/bin/cmake -E cmake_link_script CMakeFiles/cmTC_6470d.dir/link.txt --verbose=1
/usr/bin/cc  -DCHECK_FUNCTION_EXISTS=pthread_create    -rdynamic CMakeFiles/cmTC_6470d.dir/CheckFunctionExists.c.o  -o cmTC_6470d -lpthreads 
/usr/bin/ld: cannot find -lpthreads
collect2: error: ld returned 1 exit status
CMakeFiles/cmTC_6470d.dir/build.make:97: recipe for target 'cmTC_6470d' failed
make[1]: *** [cmTC_6470d] Error 1
make[1]: Leaving directory '/home/berat/robot_two_wheeled/build/CMakeFiles/CMakeTmp'
Makefile:126: recipe for target 'cmTC_6470d/fast' failed
make: *** [cmTC_6470d/fast] Error 2


